   1               		.file	"main.c"
   2               	__SP_H__ = 0x3e
   3               	__SP_L__ = 0x3d
   4               	__SREG__ = 0x3f
   5               	__tmp_reg__ = 0
   6               	__zero_reg__ = 1
   7               		.text
   8               	.Ltext0:
   9               		.cfi_sections	.debug_frame
  10               	.global	pwm_init
  12               	pwm_init:
  13               	.LFB6:
  14               		.file 1 "main.c"
   1:main.c        **** #include <avr/io.h>
   2:main.c        **** #include <util/delay.h>
   3:main.c        **** 
   4:main.c        **** #define BV(n) (1<<(n))
   5:main.c        **** 
   6:main.c        **** void pwm_init(void)
   7:main.c        **** {
  15               		.loc 1 7 1 view -0
  16               		.cfi_startproc
  17               	/* prologue: function */
  18               	/* frame size = 0 */
  19               	/* stack size = 0 */
  20               	.L__stack_usage = 0
   8:main.c        **** 	// set GPIO as output (PD7 -- OC2)
   9:main.c        **** 	DDRD = 0xFF;
  21               		.loc 1 9 2 view .LVU1
  22               		.loc 1 9 7 is_stmt 0 view .LVU2
  23 0000 8FEF      		ldi r24,lo8(-1)
  24 0002 81BB      		out 0x11,r24
  10:main.c        **** 	//set OCR2
  11:main.c        **** 	OCR2 = 0;
  25               		.loc 1 11 2 is_stmt 1 view .LVU3
  26               		.loc 1 11 7 is_stmt 0 view .LVU4
  27 0004 13BC      		out 0x23,__zero_reg__
  12:main.c        **** 	//timer2 -- fast pwm mode, inverted pwm, prescalar=1
  13:main.c        **** 	//TCCR2 = BV(COM21) | BV(COM20) | BV(WGM21) | BV(WGM20) | BV(CS00);
  14:main.c        **** 	//timer2 -- phase correct pwm mode, inverted pwm, prescalar=1
  15:main.c        **** 	TCCR2 = BV(COM21) | BV(COM20) | BV(WGM20) | BV(CS00);
  28               		.loc 1 15 2 is_stmt 1 view .LVU5
  29               		.loc 1 15 8 is_stmt 0 view .LVU6
  30 0006 81E7      		ldi r24,lo8(113)
  31 0008 85BD      		out 0x25,r24
  32               	/* epilogue start */
  16:main.c        **** }
  33               		.loc 1 16 1 view .LVU7
  34 000a 0895      		ret
  35               		.cfi_endproc
  36               	.LFE6:
  38               		.section	.text.startup,"ax",@progbits
  39               	.global	main
  41               	main:
  42               	.LFB7:
  17:main.c        **** 
  18:main.c        **** int main(void)
  19:main.c        **** {
  43               		.loc 1 19 1 is_stmt 1 view -0
  44               		.cfi_startproc
  45               	/* prologue: function */
  46               	/* frame size = 0 */
  47               	/* stack size = 0 */
  48               	.L__stack_usage = 0
  20:main.c        **** 	uint16_t cnt = 0;
  49               		.loc 1 20 2 view .LVU9
  50               	.LVL0:
  21:main.c        **** 	pwm_init();
  51               		.loc 1 21 2 view .LVU10
  52 0000 0E94 0000 		call pwm_init
  53               	.LVL1:
  20:main.c        **** 	uint16_t cnt = 0;
  54               		.loc 1 20 11 is_stmt 0 view .LVU11
  55 0004 90E0      		ldi r25,0
  56 0006 80E0      		ldi r24,0
  57               	.LVL2:
  58               	.L3:
  22:main.c        **** 	while(1)
  23:main.c        **** 	{
  24:main.c        **** 		for(;cnt < 255; cnt++)
  59               		.loc 1 24 3 discriminator 1 view .LVU12
  60 0008 8F3F      		cpi r24,-1
  61 000a 9105      		cpc r25,__zero_reg__
  62 000c 00F0      		brlo .L4
  63               	.L5:
  25:main.c        **** 		{
  26:main.c        **** 			OCR2 = cnt;
  27:main.c        **** 			_delay_ms(20);
  28:main.c        **** 		}
  29:main.c        **** 		for(;cnt > 0; cnt--)
  30:main.c        **** 		{
  31:main.c        **** 			OCR2 = cnt;
  64               		.loc 1 31 4 is_stmt 1 discriminator 2 view .LVU13
  65               		.loc 1 31 9 is_stmt 0 discriminator 2 view .LVU14
  66 000e 83BD      		out 0x23,r24
  32:main.c        **** 			_delay_ms(20);
  67               		.loc 1 32 4 is_stmt 1 discriminator 2 view .LVU15
  68               	.LVL3:
  69               	.LBB6:
  70               	.LBI6:
  71               		.file 2 "/home/sunbeam/D_day/AVR/softwares/avr-gcc-8.2.0-x64-linux/avr/include/util/delay.h"
   1:/home/sunbeam/D_day/AVR/softwares/avr-gcc-8.2.0-x64-linux/avr/include/util/delay.h **** /* Copyright (c) 2002, Marek Michalkiewicz
   2:/home/sunbeam/D_day/AVR/softwares/avr-gcc-8.2.0-x64-linux/avr/include/util/delay.h ****    Copyright (c) 2004,2005,2007 Joerg Wunsch
   3:/home/sunbeam/D_day/AVR/softwares/avr-gcc-8.2.0-x64-linux/avr/include/util/delay.h ****    Copyright (c) 2007  Florin-Viorel Petrov
   4:/home/sunbeam/D_day/AVR/softwares/avr-gcc-8.2.0-x64-linux/avr/include/util/delay.h ****    All rights reserved.
   5:/home/sunbeam/D_day/AVR/softwares/avr-gcc-8.2.0-x64-linux/avr/include/util/delay.h **** 
   6:/home/sunbeam/D_day/AVR/softwares/avr-gcc-8.2.0-x64-linux/avr/include/util/delay.h ****    Redistribution and use in source and binary forms, with or without
   7:/home/sunbeam/D_day/AVR/softwares/avr-gcc-8.2.0-x64-linux/avr/include/util/delay.h ****    modification, are permitted provided that the following conditions are met:
   8:/home/sunbeam/D_day/AVR/softwares/avr-gcc-8.2.0-x64-linux/avr/include/util/delay.h **** 
   9:/home/sunbeam/D_day/AVR/softwares/avr-gcc-8.2.0-x64-linux/avr/include/util/delay.h ****    * Redistributions of source code must retain the above copyright
  10:/home/sunbeam/D_day/AVR/softwares/avr-gcc-8.2.0-x64-linux/avr/include/util/delay.h ****      notice, this list of conditions and the following disclaimer.
  11:/home/sunbeam/D_day/AVR/softwares/avr-gcc-8.2.0-x64-linux/avr/include/util/delay.h **** 
  12:/home/sunbeam/D_day/AVR/softwares/avr-gcc-8.2.0-x64-linux/avr/include/util/delay.h ****    * Redistributions in binary form must reproduce the above copyright
  13:/home/sunbeam/D_day/AVR/softwares/avr-gcc-8.2.0-x64-linux/avr/include/util/delay.h ****      notice, this list of conditions and the following disclaimer in
  14:/home/sunbeam/D_day/AVR/softwares/avr-gcc-8.2.0-x64-linux/avr/include/util/delay.h ****      the documentation and/or other materials provided with the
  15:/home/sunbeam/D_day/AVR/softwares/avr-gcc-8.2.0-x64-linux/avr/include/util/delay.h ****      distribution.
  16:/home/sunbeam/D_day/AVR/softwares/avr-gcc-8.2.0-x64-linux/avr/include/util/delay.h **** 
  17:/home/sunbeam/D_day/AVR/softwares/avr-gcc-8.2.0-x64-linux/avr/include/util/delay.h ****    * Neither the name of the copyright holders nor the names of
  18:/home/sunbeam/D_day/AVR/softwares/avr-gcc-8.2.0-x64-linux/avr/include/util/delay.h ****      contributors may be used to endorse or promote products derived
  19:/home/sunbeam/D_day/AVR/softwares/avr-gcc-8.2.0-x64-linux/avr/include/util/delay.h ****      from this software without specific prior written permission.
  20:/home/sunbeam/D_day/AVR/softwares/avr-gcc-8.2.0-x64-linux/avr/include/util/delay.h **** 
  21:/home/sunbeam/D_day/AVR/softwares/avr-gcc-8.2.0-x64-linux/avr/include/util/delay.h ****   THIS SOFTWARE IS PROVIDED BY THE COPYRIGHT HOLDERS AND CONTRIBUTORS "AS IS"
  22:/home/sunbeam/D_day/AVR/softwares/avr-gcc-8.2.0-x64-linux/avr/include/util/delay.h ****   AND ANY EXPRESS OR IMPLIED WARRANTIES, INCLUDING, BUT NOT LIMITED TO, THE
  23:/home/sunbeam/D_day/AVR/softwares/avr-gcc-8.2.0-x64-linux/avr/include/util/delay.h ****   IMPLIED WARRANTIES OF MERCHANTABILITY AND FITNESS FOR A PARTICULAR PURPOSE
  24:/home/sunbeam/D_day/AVR/softwares/avr-gcc-8.2.0-x64-linux/avr/include/util/delay.h ****   ARE DISCLAIMED. IN NO EVENT SHALL THE COPYRIGHT OWNER OR CONTRIBUTORS BE
  25:/home/sunbeam/D_day/AVR/softwares/avr-gcc-8.2.0-x64-linux/avr/include/util/delay.h ****   LIABLE FOR ANY DIRECT, INDIRECT, INCIDENTAL, SPECIAL, EXEMPLARY, OR
  26:/home/sunbeam/D_day/AVR/softwares/avr-gcc-8.2.0-x64-linux/avr/include/util/delay.h ****   CONSEQUENTIAL DAMAGES (INCLUDING, BUT NOT LIMITED TO, PROCUREMENT OF
  27:/home/sunbeam/D_day/AVR/softwares/avr-gcc-8.2.0-x64-linux/avr/include/util/delay.h ****   SUBSTITUTE GOODS OR SERVICES; LOSS OF USE, DATA, OR PROFITS; OR BUSINESS
  28:/home/sunbeam/D_day/AVR/softwares/avr-gcc-8.2.0-x64-linux/avr/include/util/delay.h ****   INTERRUPTION) HOWEVER CAUSED AND ON ANY THEORY OF LIABILITY, WHETHER IN
  29:/home/sunbeam/D_day/AVR/softwares/avr-gcc-8.2.0-x64-linux/avr/include/util/delay.h ****   CONTRACT, STRICT LIABILITY, OR TORT (INCLUDING NEGLIGENCE OR OTHERWISE)
  30:/home/sunbeam/D_day/AVR/softwares/avr-gcc-8.2.0-x64-linux/avr/include/util/delay.h ****   ARISING IN ANY WAY OUT OF THE USE OF THIS SOFTWARE, EVEN IF ADVISED OF THE
  31:/home/sunbeam/D_day/AVR/softwares/avr-gcc-8.2.0-x64-linux/avr/include/util/delay.h ****   POSSIBILITY OF SUCH DAMAGE. */
  32:/home/sunbeam/D_day/AVR/softwares/avr-gcc-8.2.0-x64-linux/avr/include/util/delay.h **** 
  33:/home/sunbeam/D_day/AVR/softwares/avr-gcc-8.2.0-x64-linux/avr/include/util/delay.h **** /* $Id: delay.h.in 2506 2016-02-08 10:05:45Z joerg_wunsch $ */
  34:/home/sunbeam/D_day/AVR/softwares/avr-gcc-8.2.0-x64-linux/avr/include/util/delay.h **** 
  35:/home/sunbeam/D_day/AVR/softwares/avr-gcc-8.2.0-x64-linux/avr/include/util/delay.h **** #ifndef _UTIL_DELAY_H_
  36:/home/sunbeam/D_day/AVR/softwares/avr-gcc-8.2.0-x64-linux/avr/include/util/delay.h **** #define _UTIL_DELAY_H_ 1
  37:/home/sunbeam/D_day/AVR/softwares/avr-gcc-8.2.0-x64-linux/avr/include/util/delay.h **** 
  38:/home/sunbeam/D_day/AVR/softwares/avr-gcc-8.2.0-x64-linux/avr/include/util/delay.h **** #ifndef __DOXYGEN__
  39:/home/sunbeam/D_day/AVR/softwares/avr-gcc-8.2.0-x64-linux/avr/include/util/delay.h **** #  ifndef __HAS_DELAY_CYCLES
  40:/home/sunbeam/D_day/AVR/softwares/avr-gcc-8.2.0-x64-linux/avr/include/util/delay.h **** #    define __HAS_DELAY_CYCLES 1
  41:/home/sunbeam/D_day/AVR/softwares/avr-gcc-8.2.0-x64-linux/avr/include/util/delay.h **** #  endif
  42:/home/sunbeam/D_day/AVR/softwares/avr-gcc-8.2.0-x64-linux/avr/include/util/delay.h **** #endif  /* __DOXYGEN__ */
  43:/home/sunbeam/D_day/AVR/softwares/avr-gcc-8.2.0-x64-linux/avr/include/util/delay.h **** 
  44:/home/sunbeam/D_day/AVR/softwares/avr-gcc-8.2.0-x64-linux/avr/include/util/delay.h **** #include <inttypes.h>
  45:/home/sunbeam/D_day/AVR/softwares/avr-gcc-8.2.0-x64-linux/avr/include/util/delay.h **** #include <util/delay_basic.h>
  46:/home/sunbeam/D_day/AVR/softwares/avr-gcc-8.2.0-x64-linux/avr/include/util/delay.h **** #include <math.h>
  47:/home/sunbeam/D_day/AVR/softwares/avr-gcc-8.2.0-x64-linux/avr/include/util/delay.h **** 
  48:/home/sunbeam/D_day/AVR/softwares/avr-gcc-8.2.0-x64-linux/avr/include/util/delay.h **** /** \file */
  49:/home/sunbeam/D_day/AVR/softwares/avr-gcc-8.2.0-x64-linux/avr/include/util/delay.h **** /** \defgroup util_delay <util/delay.h>: Convenience functions for busy-wait delay loops
  50:/home/sunbeam/D_day/AVR/softwares/avr-gcc-8.2.0-x64-linux/avr/include/util/delay.h ****     \code
  51:/home/sunbeam/D_day/AVR/softwares/avr-gcc-8.2.0-x64-linux/avr/include/util/delay.h ****     #define F_CPU 1000000UL  // 1 MHz
  52:/home/sunbeam/D_day/AVR/softwares/avr-gcc-8.2.0-x64-linux/avr/include/util/delay.h ****     //#define F_CPU 14.7456E6
  53:/home/sunbeam/D_day/AVR/softwares/avr-gcc-8.2.0-x64-linux/avr/include/util/delay.h ****     #include <util/delay.h>
  54:/home/sunbeam/D_day/AVR/softwares/avr-gcc-8.2.0-x64-linux/avr/include/util/delay.h ****     \endcode
  55:/home/sunbeam/D_day/AVR/softwares/avr-gcc-8.2.0-x64-linux/avr/include/util/delay.h **** 
  56:/home/sunbeam/D_day/AVR/softwares/avr-gcc-8.2.0-x64-linux/avr/include/util/delay.h ****     \note As an alternative method, it is possible to pass the
  57:/home/sunbeam/D_day/AVR/softwares/avr-gcc-8.2.0-x64-linux/avr/include/util/delay.h ****     F_CPU macro down to the compiler from the Makefile.
  58:/home/sunbeam/D_day/AVR/softwares/avr-gcc-8.2.0-x64-linux/avr/include/util/delay.h ****     Obviously, in that case, no \c \#define statement should be
  59:/home/sunbeam/D_day/AVR/softwares/avr-gcc-8.2.0-x64-linux/avr/include/util/delay.h ****     used.
  60:/home/sunbeam/D_day/AVR/softwares/avr-gcc-8.2.0-x64-linux/avr/include/util/delay.h **** 
  61:/home/sunbeam/D_day/AVR/softwares/avr-gcc-8.2.0-x64-linux/avr/include/util/delay.h ****     The functions in this header file are wrappers around the basic
  62:/home/sunbeam/D_day/AVR/softwares/avr-gcc-8.2.0-x64-linux/avr/include/util/delay.h ****     busy-wait functions from <util/delay_basic.h>.  They are meant as
  63:/home/sunbeam/D_day/AVR/softwares/avr-gcc-8.2.0-x64-linux/avr/include/util/delay.h ****     convenience functions where actual time values can be specified
  64:/home/sunbeam/D_day/AVR/softwares/avr-gcc-8.2.0-x64-linux/avr/include/util/delay.h ****     rather than a number of cycles to wait for.  The idea behind is
  65:/home/sunbeam/D_day/AVR/softwares/avr-gcc-8.2.0-x64-linux/avr/include/util/delay.h ****     that compile-time constant expressions will be eliminated by
  66:/home/sunbeam/D_day/AVR/softwares/avr-gcc-8.2.0-x64-linux/avr/include/util/delay.h ****     compiler optimization so floating-point expressions can be used
  67:/home/sunbeam/D_day/AVR/softwares/avr-gcc-8.2.0-x64-linux/avr/include/util/delay.h ****     to calculate the number of delay cycles needed based on the CPU
  68:/home/sunbeam/D_day/AVR/softwares/avr-gcc-8.2.0-x64-linux/avr/include/util/delay.h ****     frequency passed by the macro F_CPU.
  69:/home/sunbeam/D_day/AVR/softwares/avr-gcc-8.2.0-x64-linux/avr/include/util/delay.h **** 
  70:/home/sunbeam/D_day/AVR/softwares/avr-gcc-8.2.0-x64-linux/avr/include/util/delay.h ****     \note In order for these functions to work as intended, compiler
  71:/home/sunbeam/D_day/AVR/softwares/avr-gcc-8.2.0-x64-linux/avr/include/util/delay.h ****     optimizations <em>must</em> be enabled, and the delay time
  72:/home/sunbeam/D_day/AVR/softwares/avr-gcc-8.2.0-x64-linux/avr/include/util/delay.h ****     <em>must</em> be an expression that is a known constant at
  73:/home/sunbeam/D_day/AVR/softwares/avr-gcc-8.2.0-x64-linux/avr/include/util/delay.h ****     compile-time.  If these requirements are not met, the resulting
  74:/home/sunbeam/D_day/AVR/softwares/avr-gcc-8.2.0-x64-linux/avr/include/util/delay.h ****     delay will be much longer (and basically unpredictable), and
  75:/home/sunbeam/D_day/AVR/softwares/avr-gcc-8.2.0-x64-linux/avr/include/util/delay.h ****     applications that otherwise do not use floating-point calculations
  76:/home/sunbeam/D_day/AVR/softwares/avr-gcc-8.2.0-x64-linux/avr/include/util/delay.h ****     will experience severe code bloat by the floating-point library
  77:/home/sunbeam/D_day/AVR/softwares/avr-gcc-8.2.0-x64-linux/avr/include/util/delay.h ****     routines linked into the application.
  78:/home/sunbeam/D_day/AVR/softwares/avr-gcc-8.2.0-x64-linux/avr/include/util/delay.h **** 
  79:/home/sunbeam/D_day/AVR/softwares/avr-gcc-8.2.0-x64-linux/avr/include/util/delay.h ****     The functions available allow the specification of microsecond, and
  80:/home/sunbeam/D_day/AVR/softwares/avr-gcc-8.2.0-x64-linux/avr/include/util/delay.h ****     millisecond delays directly, using the application-supplied macro
  81:/home/sunbeam/D_day/AVR/softwares/avr-gcc-8.2.0-x64-linux/avr/include/util/delay.h ****     F_CPU as the CPU clock frequency (in Hertz).
  82:/home/sunbeam/D_day/AVR/softwares/avr-gcc-8.2.0-x64-linux/avr/include/util/delay.h **** 
  83:/home/sunbeam/D_day/AVR/softwares/avr-gcc-8.2.0-x64-linux/avr/include/util/delay.h **** */
  84:/home/sunbeam/D_day/AVR/softwares/avr-gcc-8.2.0-x64-linux/avr/include/util/delay.h **** 
  85:/home/sunbeam/D_day/AVR/softwares/avr-gcc-8.2.0-x64-linux/avr/include/util/delay.h **** #if !defined(__DOXYGEN__)
  86:/home/sunbeam/D_day/AVR/softwares/avr-gcc-8.2.0-x64-linux/avr/include/util/delay.h **** static __inline__ void _delay_us(double __us) __attribute__((__always_inline__));
  87:/home/sunbeam/D_day/AVR/softwares/avr-gcc-8.2.0-x64-linux/avr/include/util/delay.h **** static __inline__ void _delay_ms(double __ms) __attribute__((__always_inline__));
  88:/home/sunbeam/D_day/AVR/softwares/avr-gcc-8.2.0-x64-linux/avr/include/util/delay.h **** #endif
  89:/home/sunbeam/D_day/AVR/softwares/avr-gcc-8.2.0-x64-linux/avr/include/util/delay.h **** 
  90:/home/sunbeam/D_day/AVR/softwares/avr-gcc-8.2.0-x64-linux/avr/include/util/delay.h **** #ifndef F_CPU
  91:/home/sunbeam/D_day/AVR/softwares/avr-gcc-8.2.0-x64-linux/avr/include/util/delay.h **** /* prevent compiler error by supplying a default */
  92:/home/sunbeam/D_day/AVR/softwares/avr-gcc-8.2.0-x64-linux/avr/include/util/delay.h **** # warning "F_CPU not defined for <util/delay.h>"
  93:/home/sunbeam/D_day/AVR/softwares/avr-gcc-8.2.0-x64-linux/avr/include/util/delay.h **** /** \ingroup util_delay
  94:/home/sunbeam/D_day/AVR/softwares/avr-gcc-8.2.0-x64-linux/avr/include/util/delay.h ****     \def F_CPU
  95:/home/sunbeam/D_day/AVR/softwares/avr-gcc-8.2.0-x64-linux/avr/include/util/delay.h ****     \brief CPU frequency in Hz
  96:/home/sunbeam/D_day/AVR/softwares/avr-gcc-8.2.0-x64-linux/avr/include/util/delay.h **** 
  97:/home/sunbeam/D_day/AVR/softwares/avr-gcc-8.2.0-x64-linux/avr/include/util/delay.h ****     The macro F_CPU specifies the CPU frequency to be considered by
  98:/home/sunbeam/D_day/AVR/softwares/avr-gcc-8.2.0-x64-linux/avr/include/util/delay.h ****     the delay macros.  This macro is normally supplied by the
  99:/home/sunbeam/D_day/AVR/softwares/avr-gcc-8.2.0-x64-linux/avr/include/util/delay.h ****     environment (e.g. from within a project header, or the project's
 100:/home/sunbeam/D_day/AVR/softwares/avr-gcc-8.2.0-x64-linux/avr/include/util/delay.h ****     Makefile).  The value 1 MHz here is only provided as a "vanilla"
 101:/home/sunbeam/D_day/AVR/softwares/avr-gcc-8.2.0-x64-linux/avr/include/util/delay.h ****     fallback if no such user-provided definition could be found.
 102:/home/sunbeam/D_day/AVR/softwares/avr-gcc-8.2.0-x64-linux/avr/include/util/delay.h **** 
 103:/home/sunbeam/D_day/AVR/softwares/avr-gcc-8.2.0-x64-linux/avr/include/util/delay.h ****     In terms of the delay functions, the CPU frequency can be given as
 104:/home/sunbeam/D_day/AVR/softwares/avr-gcc-8.2.0-x64-linux/avr/include/util/delay.h ****     a floating-point constant (e.g. 3.6864E6 for 3.6864 MHz).
 105:/home/sunbeam/D_day/AVR/softwares/avr-gcc-8.2.0-x64-linux/avr/include/util/delay.h ****     However, the macros in <util/setbaud.h> require it to be an
 106:/home/sunbeam/D_day/AVR/softwares/avr-gcc-8.2.0-x64-linux/avr/include/util/delay.h ****     integer value.
 107:/home/sunbeam/D_day/AVR/softwares/avr-gcc-8.2.0-x64-linux/avr/include/util/delay.h ****  */
 108:/home/sunbeam/D_day/AVR/softwares/avr-gcc-8.2.0-x64-linux/avr/include/util/delay.h **** # define F_CPU 1000000UL
 109:/home/sunbeam/D_day/AVR/softwares/avr-gcc-8.2.0-x64-linux/avr/include/util/delay.h **** #endif
 110:/home/sunbeam/D_day/AVR/softwares/avr-gcc-8.2.0-x64-linux/avr/include/util/delay.h **** 
 111:/home/sunbeam/D_day/AVR/softwares/avr-gcc-8.2.0-x64-linux/avr/include/util/delay.h **** #ifndef __OPTIMIZE__
 112:/home/sunbeam/D_day/AVR/softwares/avr-gcc-8.2.0-x64-linux/avr/include/util/delay.h **** # warning "Compiler optimizations disabled; functions from <util/delay.h> won't work as designed"
 113:/home/sunbeam/D_day/AVR/softwares/avr-gcc-8.2.0-x64-linux/avr/include/util/delay.h **** #endif
 114:/home/sunbeam/D_day/AVR/softwares/avr-gcc-8.2.0-x64-linux/avr/include/util/delay.h **** 
 115:/home/sunbeam/D_day/AVR/softwares/avr-gcc-8.2.0-x64-linux/avr/include/util/delay.h **** #if __HAS_DELAY_CYCLES && defined(__OPTIMIZE__) && \
 116:/home/sunbeam/D_day/AVR/softwares/avr-gcc-8.2.0-x64-linux/avr/include/util/delay.h ****   !defined(__DELAY_BACKWARD_COMPATIBLE__) &&	   \
 117:/home/sunbeam/D_day/AVR/softwares/avr-gcc-8.2.0-x64-linux/avr/include/util/delay.h ****   __STDC_HOSTED__
 118:/home/sunbeam/D_day/AVR/softwares/avr-gcc-8.2.0-x64-linux/avr/include/util/delay.h **** #  include <math.h>
 119:/home/sunbeam/D_day/AVR/softwares/avr-gcc-8.2.0-x64-linux/avr/include/util/delay.h **** #endif
 120:/home/sunbeam/D_day/AVR/softwares/avr-gcc-8.2.0-x64-linux/avr/include/util/delay.h **** 
 121:/home/sunbeam/D_day/AVR/softwares/avr-gcc-8.2.0-x64-linux/avr/include/util/delay.h **** /**
 122:/home/sunbeam/D_day/AVR/softwares/avr-gcc-8.2.0-x64-linux/avr/include/util/delay.h ****    \ingroup util_delay
 123:/home/sunbeam/D_day/AVR/softwares/avr-gcc-8.2.0-x64-linux/avr/include/util/delay.h **** 
 124:/home/sunbeam/D_day/AVR/softwares/avr-gcc-8.2.0-x64-linux/avr/include/util/delay.h ****    Perform a delay of \c __ms milliseconds, using _delay_loop_2().
 125:/home/sunbeam/D_day/AVR/softwares/avr-gcc-8.2.0-x64-linux/avr/include/util/delay.h **** 
 126:/home/sunbeam/D_day/AVR/softwares/avr-gcc-8.2.0-x64-linux/avr/include/util/delay.h ****    The macro F_CPU is supposed to be defined to a
 127:/home/sunbeam/D_day/AVR/softwares/avr-gcc-8.2.0-x64-linux/avr/include/util/delay.h ****    constant defining the CPU clock frequency (in Hertz).
 128:/home/sunbeam/D_day/AVR/softwares/avr-gcc-8.2.0-x64-linux/avr/include/util/delay.h **** 
 129:/home/sunbeam/D_day/AVR/softwares/avr-gcc-8.2.0-x64-linux/avr/include/util/delay.h ****    The maximal possible delay is 262.14 ms / F_CPU in MHz.
 130:/home/sunbeam/D_day/AVR/softwares/avr-gcc-8.2.0-x64-linux/avr/include/util/delay.h **** 
 131:/home/sunbeam/D_day/AVR/softwares/avr-gcc-8.2.0-x64-linux/avr/include/util/delay.h ****    When the user request delay which exceed the maximum possible one,
 132:/home/sunbeam/D_day/AVR/softwares/avr-gcc-8.2.0-x64-linux/avr/include/util/delay.h ****    _delay_ms() provides a decreased resolution functionality. In this
 133:/home/sunbeam/D_day/AVR/softwares/avr-gcc-8.2.0-x64-linux/avr/include/util/delay.h ****    mode _delay_ms() will work with a resolution of 1/10 ms, providing
 134:/home/sunbeam/D_day/AVR/softwares/avr-gcc-8.2.0-x64-linux/avr/include/util/delay.h ****    delays up to 6.5535 seconds (independent from CPU frequency).  The
 135:/home/sunbeam/D_day/AVR/softwares/avr-gcc-8.2.0-x64-linux/avr/include/util/delay.h ****    user will not be informed about decreased resolution.
 136:/home/sunbeam/D_day/AVR/softwares/avr-gcc-8.2.0-x64-linux/avr/include/util/delay.h **** 
 137:/home/sunbeam/D_day/AVR/softwares/avr-gcc-8.2.0-x64-linux/avr/include/util/delay.h ****    If the avr-gcc toolchain has __builtin_avr_delay_cycles()
 138:/home/sunbeam/D_day/AVR/softwares/avr-gcc-8.2.0-x64-linux/avr/include/util/delay.h ****    support, maximal possible delay is 4294967.295 ms/ F_CPU in MHz. For
 139:/home/sunbeam/D_day/AVR/softwares/avr-gcc-8.2.0-x64-linux/avr/include/util/delay.h ****    values greater than the maximal possible delay, overflows results in
 140:/home/sunbeam/D_day/AVR/softwares/avr-gcc-8.2.0-x64-linux/avr/include/util/delay.h ****    no delay i.e., 0ms.
 141:/home/sunbeam/D_day/AVR/softwares/avr-gcc-8.2.0-x64-linux/avr/include/util/delay.h **** 
 142:/home/sunbeam/D_day/AVR/softwares/avr-gcc-8.2.0-x64-linux/avr/include/util/delay.h ****    Conversion of \c __ms into clock cycles may not always result in
 143:/home/sunbeam/D_day/AVR/softwares/avr-gcc-8.2.0-x64-linux/avr/include/util/delay.h ****    integer.  By default, the clock cycles rounded up to next
 144:/home/sunbeam/D_day/AVR/softwares/avr-gcc-8.2.0-x64-linux/avr/include/util/delay.h ****    integer. This ensures that the user gets at least \c __ms
 145:/home/sunbeam/D_day/AVR/softwares/avr-gcc-8.2.0-x64-linux/avr/include/util/delay.h ****    microseconds of delay.
 146:/home/sunbeam/D_day/AVR/softwares/avr-gcc-8.2.0-x64-linux/avr/include/util/delay.h **** 
 147:/home/sunbeam/D_day/AVR/softwares/avr-gcc-8.2.0-x64-linux/avr/include/util/delay.h ****    Alternatively, by defining the macro \c __DELAY_ROUND_DOWN__, or
 148:/home/sunbeam/D_day/AVR/softwares/avr-gcc-8.2.0-x64-linux/avr/include/util/delay.h ****    \c __DELAY_ROUND_CLOSEST__, before including this header file, the
 149:/home/sunbeam/D_day/AVR/softwares/avr-gcc-8.2.0-x64-linux/avr/include/util/delay.h ****    algorithm can be made to round down, or round to closest integer,
 150:/home/sunbeam/D_day/AVR/softwares/avr-gcc-8.2.0-x64-linux/avr/include/util/delay.h ****    respectively.
 151:/home/sunbeam/D_day/AVR/softwares/avr-gcc-8.2.0-x64-linux/avr/include/util/delay.h **** 
 152:/home/sunbeam/D_day/AVR/softwares/avr-gcc-8.2.0-x64-linux/avr/include/util/delay.h ****    \note
 153:/home/sunbeam/D_day/AVR/softwares/avr-gcc-8.2.0-x64-linux/avr/include/util/delay.h **** 
 154:/home/sunbeam/D_day/AVR/softwares/avr-gcc-8.2.0-x64-linux/avr/include/util/delay.h ****    The implementation of _delay_ms() based on
 155:/home/sunbeam/D_day/AVR/softwares/avr-gcc-8.2.0-x64-linux/avr/include/util/delay.h ****    __builtin_avr_delay_cycles() is not backward compatible with older
 156:/home/sunbeam/D_day/AVR/softwares/avr-gcc-8.2.0-x64-linux/avr/include/util/delay.h ****    implementations.  In order to get functionality backward compatible
 157:/home/sunbeam/D_day/AVR/softwares/avr-gcc-8.2.0-x64-linux/avr/include/util/delay.h ****    with previous versions, the macro \c "__DELAY_BACKWARD_COMPATIBLE__"
 158:/home/sunbeam/D_day/AVR/softwares/avr-gcc-8.2.0-x64-linux/avr/include/util/delay.h ****    must be defined before including this header file. Also, the
 159:/home/sunbeam/D_day/AVR/softwares/avr-gcc-8.2.0-x64-linux/avr/include/util/delay.h ****    backward compatible algorithm will be chosen if the code is
 160:/home/sunbeam/D_day/AVR/softwares/avr-gcc-8.2.0-x64-linux/avr/include/util/delay.h ****    compiled in a <em>freestanding environment</em> (GCC option
 161:/home/sunbeam/D_day/AVR/softwares/avr-gcc-8.2.0-x64-linux/avr/include/util/delay.h ****    \c -ffreestanding), as the math functions required for rounding are
 162:/home/sunbeam/D_day/AVR/softwares/avr-gcc-8.2.0-x64-linux/avr/include/util/delay.h ****    not available to the compiler then.
 163:/home/sunbeam/D_day/AVR/softwares/avr-gcc-8.2.0-x64-linux/avr/include/util/delay.h **** 
 164:/home/sunbeam/D_day/AVR/softwares/avr-gcc-8.2.0-x64-linux/avr/include/util/delay.h ****  */
 165:/home/sunbeam/D_day/AVR/softwares/avr-gcc-8.2.0-x64-linux/avr/include/util/delay.h **** void
 166:/home/sunbeam/D_day/AVR/softwares/avr-gcc-8.2.0-x64-linux/avr/include/util/delay.h **** _delay_ms(double __ms)
  72               		.loc 2 166 1 discriminator 2 view .LVU16
  73               	.LBB7:
 167:/home/sunbeam/D_day/AVR/softwares/avr-gcc-8.2.0-x64-linux/avr/include/util/delay.h **** {
 168:/home/sunbeam/D_day/AVR/softwares/avr-gcc-8.2.0-x64-linux/avr/include/util/delay.h **** 	double __tmp ;
  74               		.loc 2 168 2 discriminator 2 view .LVU17
 169:/home/sunbeam/D_day/AVR/softwares/avr-gcc-8.2.0-x64-linux/avr/include/util/delay.h **** #if __HAS_DELAY_CYCLES && defined(__OPTIMIZE__) && \
 170:/home/sunbeam/D_day/AVR/softwares/avr-gcc-8.2.0-x64-linux/avr/include/util/delay.h ****   !defined(__DELAY_BACKWARD_COMPATIBLE__) &&	   \
 171:/home/sunbeam/D_day/AVR/softwares/avr-gcc-8.2.0-x64-linux/avr/include/util/delay.h ****   __STDC_HOSTED__
 172:/home/sunbeam/D_day/AVR/softwares/avr-gcc-8.2.0-x64-linux/avr/include/util/delay.h **** 	uint32_t __ticks_dc;
  75               		.loc 2 172 2 discriminator 2 view .LVU18
 173:/home/sunbeam/D_day/AVR/softwares/avr-gcc-8.2.0-x64-linux/avr/include/util/delay.h **** 	extern void __builtin_avr_delay_cycles(unsigned long);
  76               		.loc 2 173 2 discriminator 2 view .LVU19
 174:/home/sunbeam/D_day/AVR/softwares/avr-gcc-8.2.0-x64-linux/avr/include/util/delay.h **** 	__tmp = ((F_CPU) / 1e3) * __ms;
  77               		.loc 2 174 2 discriminator 2 view .LVU20
 175:/home/sunbeam/D_day/AVR/softwares/avr-gcc-8.2.0-x64-linux/avr/include/util/delay.h **** 
 176:/home/sunbeam/D_day/AVR/softwares/avr-gcc-8.2.0-x64-linux/avr/include/util/delay.h **** 	#if defined(__DELAY_ROUND_DOWN__)
 177:/home/sunbeam/D_day/AVR/softwares/avr-gcc-8.2.0-x64-linux/avr/include/util/delay.h **** 		__ticks_dc = (uint32_t)fabs(__tmp);
 178:/home/sunbeam/D_day/AVR/softwares/avr-gcc-8.2.0-x64-linux/avr/include/util/delay.h **** 
 179:/home/sunbeam/D_day/AVR/softwares/avr-gcc-8.2.0-x64-linux/avr/include/util/delay.h **** 	#elif defined(__DELAY_ROUND_CLOSEST__)
 180:/home/sunbeam/D_day/AVR/softwares/avr-gcc-8.2.0-x64-linux/avr/include/util/delay.h **** 		__ticks_dc = (uint32_t)(fabs(__tmp)+0.5);
 181:/home/sunbeam/D_day/AVR/softwares/avr-gcc-8.2.0-x64-linux/avr/include/util/delay.h **** 
 182:/home/sunbeam/D_day/AVR/softwares/avr-gcc-8.2.0-x64-linux/avr/include/util/delay.h **** 	#else
 183:/home/sunbeam/D_day/AVR/softwares/avr-gcc-8.2.0-x64-linux/avr/include/util/delay.h **** 		//round up by default
 184:/home/sunbeam/D_day/AVR/softwares/avr-gcc-8.2.0-x64-linux/avr/include/util/delay.h **** 		__ticks_dc = (uint32_t)(ceil(fabs(__tmp)));
  78               		.loc 2 184 3 discriminator 2 view .LVU21
 185:/home/sunbeam/D_day/AVR/softwares/avr-gcc-8.2.0-x64-linux/avr/include/util/delay.h **** 	#endif
 186:/home/sunbeam/D_day/AVR/softwares/avr-gcc-8.2.0-x64-linux/avr/include/util/delay.h **** 
 187:/home/sunbeam/D_day/AVR/softwares/avr-gcc-8.2.0-x64-linux/avr/include/util/delay.h **** 	__builtin_avr_delay_cycles(__ticks_dc);
  79               		.loc 2 187 2 discriminator 2 view .LVU22
  80 0010 EFE3      		ldi r30,lo8(-25537)
  81 0012 FCE9      		ldi r31,hi8(-25537)
  82 0014 3197      	1:	sbiw r30,1
  83 0016 01F4      		brne 1b
  84 0018 00C0      		rjmp .
  85 001a 0000      		nop
  86               	.LVL4:
  87               		.loc 2 187 2 is_stmt 0 discriminator 2 view .LVU23
  88               	.LBE7:
  89               	.LBE6:
  29:main.c        **** 		{
  90               		.loc 1 29 20 discriminator 2 view .LVU24
  91 001c 0197      		sbiw r24,1
  92               	.LVL5:
  29:main.c        **** 		{
  93               		.loc 1 29 3 discriminator 2 view .LVU25
  94 001e 01F4      		brne .L5
  95 0020 00C0      		rjmp .L3
  96               	.L4:
  26:main.c        **** 			_delay_ms(20);
  97               		.loc 1 26 4 is_stmt 1 discriminator 2 view .LVU26
  26:main.c        **** 			_delay_ms(20);
  98               		.loc 1 26 9 is_stmt 0 discriminator 2 view .LVU27
  99 0022 83BD      		out 0x23,r24
  27:main.c        **** 		}
 100               		.loc 1 27 4 is_stmt 1 discriminator 2 view .LVU28
 101               	.LVL6:
 102               	.LBB8:
 103               	.LBI8:
 166:/home/sunbeam/D_day/AVR/softwares/avr-gcc-8.2.0-x64-linux/avr/include/util/delay.h **** {
 104               		.loc 2 166 1 discriminator 2 view .LVU29
 105               	.LBB9:
 168:/home/sunbeam/D_day/AVR/softwares/avr-gcc-8.2.0-x64-linux/avr/include/util/delay.h **** #if __HAS_DELAY_CYCLES && defined(__OPTIMIZE__) && \
 106               		.loc 2 168 2 discriminator 2 view .LVU30
 172:/home/sunbeam/D_day/AVR/softwares/avr-gcc-8.2.0-x64-linux/avr/include/util/delay.h **** 	extern void __builtin_avr_delay_cycles(unsigned long);
 107               		.loc 2 172 2 discriminator 2 view .LVU31
 173:/home/sunbeam/D_day/AVR/softwares/avr-gcc-8.2.0-x64-linux/avr/include/util/delay.h **** 	__tmp = ((F_CPU) / 1e3) * __ms;
 108               		.loc 2 173 2 discriminator 2 view .LVU32
 174:/home/sunbeam/D_day/AVR/softwares/avr-gcc-8.2.0-x64-linux/avr/include/util/delay.h **** 
 109               		.loc 2 174 2 discriminator 2 view .LVU33
 184:/home/sunbeam/D_day/AVR/softwares/avr-gcc-8.2.0-x64-linux/avr/include/util/delay.h **** 	#endif
 110               		.loc 2 184 3 discriminator 2 view .LVU34
 111               		.loc 2 187 2 discriminator 2 view .LVU35
 112 0024 EFE3      		ldi r30,lo8(-25537)
 113 0026 FCE9      		ldi r31,hi8(-25537)
 114 0028 3197      	1:	sbiw r30,1
 115 002a 01F4      		brne 1b
 116 002c 00C0      		rjmp .
 117 002e 0000      		nop
 118               	.LVL7:
 119               		.loc 2 187 2 is_stmt 0 discriminator 2 view .LVU36
 120               	.LBE9:
 121               	.LBE8:
  24:main.c        **** 		{
 122               		.loc 1 24 22 discriminator 2 view .LVU37
 123 0030 0196      		adiw r24,1
 124               	.LVL8:
  24:main.c        **** 		{
 125               		.loc 1 24 22 discriminator 2 view .LVU38
 126 0032 00C0      		rjmp .L3
 127               		.cfi_endproc
 128               	.LFE7:
 130               		.text
 131               	.Letext0:
 132               		.file 3 "/home/sunbeam/D_day/AVR/softwares/avr-gcc-8.2.0-x64-linux/avr/include/stdint.h"
DEFINED SYMBOLS
                            *ABS*:0000000000000000 main.c
     /tmp/ccnXI3ec.s:2      *ABS*:000000000000003e __SP_H__
     /tmp/ccnXI3ec.s:3      *ABS*:000000000000003d __SP_L__
     /tmp/ccnXI3ec.s:4      *ABS*:000000000000003f __SREG__
     /tmp/ccnXI3ec.s:5      *ABS*:0000000000000000 __tmp_reg__
     /tmp/ccnXI3ec.s:6      *ABS*:0000000000000001 __zero_reg__
     /tmp/ccnXI3ec.s:12     .text:0000000000000000 pwm_init
     /tmp/ccnXI3ec.s:41     .text.startup:0000000000000000 main

NO UNDEFINED SYMBOLS
